2021-06-15T15:51:38+00:00 CRITICAL Uncaught Error: Unknown named parameter $tasks_meta_id in C:\XAMPP\htdocs\wordpress\wp-includes\class-wp-hook.php:292
Stack trace:
#0 C:\XAMPP\htdocs\wordpress\wp-includes\class-wp-hook.php(316): WP_Hook->apply_filters('', Array)
#1 C:\XAMPP\htdocs\wordpress\wp-includes\plugin.php(551): WP_Hook->do_action(Array)
#2 C:\XAMPP\htdocs\wordpress\wp-content\plugins\woocommerce\packages\action-scheduler\classes\actions\ActionScheduler_Action.php(22): do_action_ref_array('wpforms_process...', Array)
#3 C:\XAMPP\htdocs\wordpress\wp-content\plugins\woocommerce\packages\action-scheduler\classes\abstracts\ActionScheduler_Abstract_QueueRunner.php(65): ActionScheduler_Action->execute()
#4 C:\XAMPP\htdocs\wordpress\wp-content\plugins\woocommerce\packages\action-scheduler\classes\ActionScheduler_QueueRunner.php(162): ActionScheduler_Abstract_QueueRunner->process_action(160, 'WP Cron')
#5 C:\XAMPP\htdocs\wordpress\wp-content\plugins\woocommerce\packages\action-scheduler\classes\ActionScheduler_QueueRunner.php(132): ActionScheduler_QueueRunner->do_batch(25, 'WP Cron')
#6 C:\XAMPP\htdocs\wordpress\wp-includes\class-wp-hook.php(292): ActionScheduler_QueueRunner->run('WP Cron')
#7 C:\XAMPP\htdocs\wordpress\wp-includes\class-wp-hook.php(316): WP_Hook->apply_filters('', Array)
#8 C:\XAMPP\htdocs\wordpress\wp-includes\plugin.php(551): WP_Hook->do_action(Array)
#9 C:\XAMPP\htdocs\wordpress\wp-cron.php(138): do_action_ref_array('action_schedule...', Array)
#10 {main}
  thrown in C:\XAMPP\htdocs\wordpress\wp-includes\class-wp-hook.php on line 292

2021-06-15T15:52:34+00:00 CRITICAL Uncaught Error: Unknown named parameter $tasks_meta_id in C:\XAMPP\htdocs\wordpress\wp-includes\class-wp-hook.php:292
Stack trace:
#0 C:\XAMPP\htdocs\wordpress\wp-includes\class-wp-hook.php(316): WP_Hook->apply_filters('', Array)
#1 C:\XAMPP\htdocs\wordpress\wp-includes\plugin.php(551): WP_Hook->do_action(Array)
#2 C:\XAMPP\htdocs\wordpress\wp-content\plugins\woocommerce\packages\action-scheduler\classes\actions\ActionScheduler_Action.php(22): do_action_ref_array('wpforms_admin_n...', Array)
#3 C:\XAMPP\htdocs\wordpress\wp-content\plugins\woocommerce\packages\action-scheduler\classes\abstracts\ActionScheduler_Abstract_QueueRunner.php(65): ActionScheduler_Action->execute()
#4 C:\XAMPP\htdocs\wordpress\wp-content\plugins\woocommerce\packages\action-scheduler\classes\ActionScheduler_QueueRunner.php(162): ActionScheduler_Abstract_QueueRunner->process_action(621, 'Async Request')
#5 C:\XAMPP\htdocs\wordpress\wp-content\plugins\woocommerce\packages\action-scheduler\classes\ActionScheduler_QueueRunner.php(132): ActionScheduler_QueueRunner->do_batch(25, 'Async Request')
#6 C:\XAMPP\htdocs\wordpress\wp-includes\class-wp-hook.php(292): ActionScheduler_QueueRunner->run('Async Request')
#7 C:\XAMPP\htdocs\wordpress\wp-includes\class-wp-hook.php(316): WP_Hook->apply_filters('', Array)
#8 C:\XAMPP\htdocs\wordpress\wp-includes\plugin.php(484): WP_Hook->do_action(Array)
#9 C:\XAMPP\htdocs\wordpress\wp-content\plugins\woocommerce\packages\action-scheduler\classes\ActionScheduler_AsyncRequest_QueueRunner.php(52): do_action('action_schedule...', 'Async Request')
#10 C:\XAMPP\htdocs\wordpress\wp-content\plugins\woocommerce\includes\libraries\wp-async-request.php(147): ActionScheduler_AsyncRequest_QueueRunner->handle()
#11 C:\XAMPP\htdocs\wordpress\wp-includes\class-wp-hook.php(292): WP_Async_Request->maybe_handle('')
#12 C:\XAMPP\htdocs\wordpress\wp-includes\class-wp-hook.php(316): WP_Hook->apply_filters('', Array)
#13 C:\XAMPP\htdocs\wordpress\wp-includes\plugin.php(484): WP_Hook->do_action(Array)
#14 C:\XAMPP\htdocs\wordpress\wp-admin\admin-ajax.php(187): do_action('wp_ajax_as_asyn...')
#15 {main}
  thrown in C:\XAMPP\htdocs\wordpress\wp-includes\class-wp-hook.php on line 292

2021-06-15T15:53:57+00:00 CRITICAL Uncaught Error: Unknown named parameter $tasks_meta_id in C:\XAMPP\htdocs\wordpress\wp-includes\class-wp-hook.php:292
Stack trace:
#0 C:\XAMPP\htdocs\wordpress\wp-includes\class-wp-hook.php(316): WP_Hook->apply_filters('', Array)
#1 C:\XAMPP\htdocs\wordpress\wp-includes\plugin.php(551): WP_Hook->do_action(Array)
#2 C:\XAMPP\htdocs\wordpress\wp-content\plugins\woocommerce\packages\action-scheduler\classes\actions\ActionScheduler_Action.php(22): do_action_ref_array('wpforms_admin_n...', Array)
#3 C:\XAMPP\htdocs\wordpress\wp-content\plugins\woocommerce\packages\action-scheduler\classes\abstracts\ActionScheduler_Abstract_QueueRunner.php(65): ActionScheduler_Action->execute()
#4 C:\XAMPP\htdocs\wordpress\wp-content\plugins\woocommerce\packages\action-scheduler\classes\ActionScheduler_QueueRunner.php(162): ActionScheduler_Abstract_QueueRunner->process_action(624, 'Async Request')
#5 C:\XAMPP\htdocs\wordpress\wp-content\plugins\woocommerce\packages\action-scheduler\classes\ActionScheduler_QueueRunner.php(132): ActionScheduler_QueueRunner->do_batch(25, 'Async Request')
#6 C:\XAMPP\htdocs\wordpress\wp-includes\class-wp-hook.php(292): ActionScheduler_QueueRunner->run('Async Request')
#7 C:\XAMPP\htdocs\wordpress\wp-includes\class-wp-hook.php(316): WP_Hook->apply_filters('', Array)
#8 C:\XAMPP\htdocs\wordpress\wp-includes\plugin.php(484): WP_Hook->do_action(Array)
#9 C:\XAMPP\htdocs\wordpress\wp-content\plugins\woocommerce\packages\action-scheduler\classes\ActionScheduler_AsyncRequest_QueueRunner.php(52): do_action('action_schedule...', 'Async Request')
#10 C:\XAMPP\htdocs\wordpress\wp-content\plugins\woocommerce\includes\libraries\wp-async-request.php(147): ActionScheduler_AsyncRequest_QueueRunner->handle()
#11 C:\XAMPP\htdocs\wordpress\wp-includes\class-wp-hook.php(292): WP_Async_Request->maybe_handle('')
#12 C:\XAMPP\htdocs\wordpress\wp-includes\class-wp-hook.php(316): WP_Hook->apply_filters('', Array)
#13 C:\XAMPP\htdocs\wordpress\wp-includes\plugin.php(484): WP_Hook->do_action(Array)
#14 C:\XAMPP\htdocs\wordpress\wp-admin\admin-ajax.php(187): do_action('wp_ajax_as_asyn...')
#15 {main}
  thrown in C:\XAMPP\htdocs\wordpress\wp-includes\class-wp-hook.php on line 292

2021-06-15T15:54:31+00:00 CRITICAL Uncaught Error: Unknown named parameter $tasks_meta_id in C:\XAMPP\htdocs\wordpress\wp-includes\class-wp-hook.php:292
Stack trace:
#0 C:\XAMPP\htdocs\wordpress\wp-includes\class-wp-hook.php(316): WP_Hook->apply_filters('', Array)
#1 C:\XAMPP\htdocs\wordpress\wp-includes\plugin.php(551): WP_Hook->do_action(Array)
#2 C:\XAMPP\htdocs\wordpress\wp-content\plugins\woocommerce\packages\action-scheduler\classes\actions\ActionScheduler_Action.php(22): do_action_ref_array('wpforms_admin_n...', Array)
#3 C:\XAMPP\htdocs\wordpress\wp-content\plugins\woocommerce\packages\action-scheduler\classes\abstracts\ActionScheduler_Abstract_QueueRunner.php(65): ActionScheduler_Action->execute()
#4 C:\XAMPP\htdocs\wordpress\wp-content\plugins\woocommerce\packages\action-scheduler\classes\ActionScheduler_QueueRunner.php(162): ActionScheduler_Abstract_QueueRunner->process_action(625, 'WP Cron')
#5 C:\XAMPP\htdocs\wordpress\wp-content\plugins\woocommerce\packages\action-scheduler\classes\ActionScheduler_QueueRunner.php(132): ActionScheduler_QueueRunner->do_batch(25, 'WP Cron')
#6 C:\XAMPP\htdocs\wordpress\wp-includes\class-wp-hook.php(292): ActionScheduler_QueueRunner->run('WP Cron')
#7 C:\XAMPP\htdocs\wordpress\wp-includes\class-wp-hook.php(316): WP_Hook->apply_filters('', Array)
#8 C:\XAMPP\htdocs\wordpress\wp-includes\plugin.php(551): WP_Hook->do_action(Array)
#9 C:\XAMPP\htdocs\wordpress\wp-cron.php(138): do_action_ref_array('action_schedule...', Array)
#10 {main}
  thrown in C:\XAMPP\htdocs\wordpress\wp-includes\class-wp-hook.php on line 292

2021-06-15T15:54:55+00:00 CRITICAL Uncaught Error: Unknown named parameter $tasks_meta_id in C:\XAMPP\htdocs\wordpress\wp-includes\class-wp-hook.php:292
Stack trace:
#0 C:\XAMPP\htdocs\wordpress\wp-includes\class-wp-hook.php(316): WP_Hook->apply_filters('', Array)
#1 C:\XAMPP\htdocs\wordpress\wp-includes\plugin.php(551): WP_Hook->do_action(Array)
#2 C:\XAMPP\htdocs\wordpress\wp-content\plugins\woocommerce\packages\action-scheduler\classes\actions\ActionScheduler_Action.php(22): do_action_ref_array('wpforms_admin_n...', Array)
#3 C:\XAMPP\htdocs\wordpress\wp-content\plugins\woocommerce\packages\action-scheduler\classes\abstracts\ActionScheduler_Abstract_QueueRunner.php(65): ActionScheduler_Action->execute()
#4 C:\XAMPP\htdocs\wordpress\wp-content\plugins\woocommerce\packages\action-scheduler\classes\ActionScheduler_QueueRunner.php(162): ActionScheduler_Abstract_QueueRunner->process_action(626, 'Async Request')
#5 C:\XAMPP\htdocs\wordpress\wp-content\plugins\woocommerce\packages\action-scheduler\classes\ActionScheduler_QueueRunner.php(132): ActionScheduler_QueueRunner->do_batch(25, 'Async Request')
#6 C:\XAMPP\htdocs\wordpress\wp-includes\class-wp-hook.php(292): ActionScheduler_QueueRunner->run('Async Request')
#7 C:\XAMPP\htdocs\wordpress\wp-includes\class-wp-hook.php(316): WP_Hook->apply_filters('', Array)
#8 C:\XAMPP\htdocs\wordpress\wp-includes\plugin.php(484): WP_Hook->do_action(Array)
#9 C:\XAMPP\htdocs\wordpress\wp-content\plugins\woocommerce\packages\action-scheduler\classes\ActionScheduler_AsyncRequest_QueueRunner.php(52): do_action('action_schedule...', 'Async Request')
#10 C:\XAMPP\htdocs\wordpress\wp-content\plugins\woocommerce\includes\libraries\wp-async-request.php(147): ActionScheduler_AsyncRequest_QueueRunner->handle()
#11 C:\XAMPP\htdocs\wordpress\wp-includes\class-wp-hook.php(292): WP_Async_Request->maybe_handle('')
#12 C:\XAMPP\htdocs\wordpress\wp-includes\class-wp-hook.php(316): WP_Hook->apply_filters('', Array)
#13 C:\XAMPP\htdocs\wordpress\wp-includes\plugin.php(484): WP_Hook->do_action(Array)
#14 C:\XAMPP\htdocs\wordpress\wp-admin\admin-ajax.php(187): do_action('wp_ajax_as_asyn...')
#15 {main}
  thrown in C:\XAMPP\htdocs\wordpress\wp-includes\class-wp-hook.php on line 292

2021-06-15T16:03:09+00:00 CRITICAL Uncaught Error: Unknown named parameter $tasks_meta_id in C:\XAMPP\htdocs\wordpress\wp-includes\class-wp-hook.php:292
Stack trace:
#0 C:\XAMPP\htdocs\wordpress\wp-includes\class-wp-hook.php(316): WP_Hook->apply_filters('', Array)
#1 C:\XAMPP\htdocs\wordpress\wp-includes\plugin.php(551): WP_Hook->do_action(Array)
#2 C:\XAMPP\htdocs\wordpress\wp-content\plugins\woocommerce\packages\action-scheduler\classes\actions\ActionScheduler_Action.php(22): do_action_ref_array('wpforms_admin_n...', Array)
#3 C:\XAMPP\htdocs\wordpress\wp-content\plugins\woocommerce\packages\action-scheduler\classes\abstracts\ActionScheduler_Abstract_QueueRunner.php(65): ActionScheduler_Action->execute()
#4 C:\XAMPP\htdocs\wordpress\wp-content\plugins\woocommerce\packages\action-scheduler\classes\ActionScheduler_QueueRunner.php(162): ActionScheduler_Abstract_QueueRunner->process_action(627, 'WP Cron')
#5 C:\XAMPP\htdocs\wordpress\wp-content\plugins\woocommerce\packages\action-scheduler\classes\ActionScheduler_QueueRunner.php(132): ActionScheduler_QueueRunner->do_batch(25, 'WP Cron')
#6 C:\XAMPP\htdocs\wordpress\wp-includes\class-wp-hook.php(292): ActionScheduler_QueueRunner->run('WP Cron')
#7 C:\XAMPP\htdocs\wordpress\wp-includes\class-wp-hook.php(316): WP_Hook->apply_filters('', Array)
#8 C:\XAMPP\htdocs\wordpress\wp-includes\plugin.php(551): WP_Hook->do_action(Array)
#9 C:\XAMPP\htdocs\wordpress\wp-cron.php(138): do_action_ref_array('action_schedule...', Array)
#10 {main}
  thrown in C:\XAMPP\htdocs\wordpress\wp-includes\class-wp-hook.php on line 292

2021-06-15T16:08:09+00:00 CRITICAL Uncaught Error: Unknown named parameter $tasks_meta_id in C:\XAMPP\htdocs\wordpress\wp-includes\class-wp-hook.php:292
Stack trace:
#0 C:\XAMPP\htdocs\wordpress\wp-includes\class-wp-hook.php(316): WP_Hook->apply_filters('', Array)
#1 C:\XAMPP\htdocs\wordpress\wp-includes\plugin.php(551): WP_Hook->do_action(Array)
#2 C:\XAMPP\htdocs\wordpress\wp-content\plugins\woocommerce\packages\action-scheduler\classes\actions\ActionScheduler_Action.php(22): do_action_ref_array('wpforms_admin_n...', Array)
#3 C:\XAMPP\htdocs\wordpress\wp-content\plugins\woocommerce\packages\action-scheduler\classes\abstracts\ActionScheduler_Abstract_QueueRunner.php(65): ActionScheduler_Action->execute()
#4 C:\XAMPP\htdocs\wordpress\wp-content\plugins\woocommerce\packages\action-scheduler\classes\ActionScheduler_QueueRunner.php(162): ActionScheduler_Abstract_QueueRunner->process_action(628, 'WP Cron')
#5 C:\XAMPP\htdocs\wordpress\wp-content\plugins\woocommerce\packages\action-scheduler\classes\ActionScheduler_QueueRunner.php(132): ActionScheduler_QueueRunner->do_batch(25, 'WP Cron')
#6 C:\XAMPP\htdocs\wordpress\wp-includes\class-wp-hook.php(292): ActionScheduler_QueueRunner->run('WP Cron')
#7 C:\XAMPP\htdocs\wordpress\wp-includes\class-wp-hook.php(316): WP_Hook->apply_filters('', Array)
#8 C:\XAMPP\htdocs\wordpress\wp-includes\plugin.php(551): WP_Hook->do_action(Array)
#9 C:\XAMPP\htdocs\wordpress\wp-cron.php(138): do_action_ref_array('action_schedule...', Array)
#10 {main}
  thrown in C:\XAMPP\htdocs\wordpress\wp-includes\class-wp-hook.php on line 292

2021-06-15T16:08:30+00:00 CRITICAL Uncaught Error: Unknown named parameter $tasks_meta_id in C:\XAMPP\htdocs\wordpress\wp-includes\class-wp-hook.php:292
Stack trace:
#0 C:\XAMPP\htdocs\wordpress\wp-includes\class-wp-hook.php(316): WP_Hook->apply_filters('', Array)
#1 C:\XAMPP\htdocs\wordpress\wp-includes\plugin.php(551): WP_Hook->do_action(Array)
#2 C:\XAMPP\htdocs\wordpress\wp-content\plugins\woocommerce\packages\action-scheduler\classes\actions\ActionScheduler_Action.php(22): do_action_ref_array('wpforms_admin_n...', Array)
#3 C:\XAMPP\htdocs\wordpress\wp-content\plugins\woocommerce\packages\action-scheduler\classes\abstracts\ActionScheduler_Abstract_QueueRunner.php(65): ActionScheduler_Action->execute()
#4 C:\XAMPP\htdocs\wordpress\wp-content\plugins\woocommerce\packages\action-scheduler\classes\ActionScheduler_QueueRunner.php(162): ActionScheduler_Abstract_QueueRunner->process_action(629, 'Async Request')
#5 C:\XAMPP\htdocs\wordpress\wp-content\plugins\woocommerce\packages\action-scheduler\classes\ActionScheduler_QueueRunner.php(132): ActionScheduler_QueueRunner->do_batch(25, 'Async Request')
#6 C:\XAMPP\htdocs\wordpress\wp-includes\class-wp-hook.php(292): ActionScheduler_QueueRunner->run('Async Request')
#7 C:\XAMPP\htdocs\wordpress\wp-includes\class-wp-hook.php(316): WP_Hook->apply_filters('', Array)
#8 C:\XAMPP\htdocs\wordpress\wp-includes\plugin.php(484): WP_Hook->do_action(Array)
#9 C:\XAMPP\htdocs\wordpress\wp-content\plugins\woocommerce\packages\action-scheduler\classes\ActionScheduler_AsyncRequest_QueueRunner.php(52): do_action('action_schedule...', 'Async Request')
#10 C:\XAMPP\htdocs\wordpress\wp-content\plugins\woocommerce\includes\libraries\wp-async-request.php(147): ActionScheduler_AsyncRequest_QueueRunner->handle()
#11 C:\XAMPP\htdocs\wordpress\wp-includes\class-wp-hook.php(292): WP_Async_Request->maybe_handle('')
#12 C:\XAMPP\htdocs\wordpress\wp-includes\class-wp-hook.php(316): WP_Hook->apply_filters('', Array)
#13 C:\XAMPP\htdocs\wordpress\wp-includes\plugin.php(484): WP_Hook->do_action(Array)
#14 C:\XAMPP\htdocs\wordpress\wp-admin\admin-ajax.php(187): do_action('wp_ajax_as_asyn...')
#15 {main}
  thrown in C:\XAMPP\htdocs\wordpress\wp-includes\class-wp-hook.php on line 292

2021-06-15T16:10:55+00:00 CRITICAL Uncaught Error: Unknown named parameter $tasks_meta_id in C:\XAMPP\htdocs\wordpress\wp-includes\class-wp-hook.php:292
Stack trace:
#0 C:\XAMPP\htdocs\wordpress\wp-includes\class-wp-hook.php(316): WP_Hook->apply_filters('', Array)
#1 C:\XAMPP\htdocs\wordpress\wp-includes\plugin.php(551): WP_Hook->do_action(Array)
#2 C:\XAMPP\htdocs\wordpress\wp-content\plugins\woocommerce\packages\action-scheduler\classes\actions\ActionScheduler_Action.php(22): do_action_ref_array('wpforms_admin_n...', Array)
#3 C:\XAMPP\htdocs\wordpress\wp-content\plugins\woocommerce\packages\action-scheduler\classes\abstracts\ActionScheduler_Abstract_QueueRunner.php(65): ActionScheduler_Action->execute()
#4 C:\XAMPP\htdocs\wordpress\wp-content\plugins\woocommerce\packages\action-scheduler\classes\ActionScheduler_QueueRunner.php(162): ActionScheduler_Abstract_QueueRunner->process_action(630, 'WP Cron')
#5 C:\XAMPP\htdocs\wordpress\wp-content\plugins\woocommerce\packages\action-scheduler\classes\ActionScheduler_QueueRunner.php(132): ActionScheduler_QueueRunner->do_batch(25, 'WP Cron')
#6 C:\XAMPP\htdocs\wordpress\wp-includes\class-wp-hook.php(292): ActionScheduler_QueueRunner->run('WP Cron')
#7 C:\XAMPP\htdocs\wordpress\wp-includes\class-wp-hook.php(316): WP_Hook->apply_filters('', Array)
#8 C:\XAMPP\htdocs\wordpress\wp-includes\plugin.php(551): WP_Hook->do_action(Array)
#9 C:\XAMPP\htdocs\wordpress\wp-cron.php(138): do_action_ref_array('action_schedule...', Array)
#10 {main}
  thrown in C:\XAMPP\htdocs\wordpress\wp-includes\class-wp-hook.php on line 292

2021-06-15T16:12:07+00:00 CRITICAL Uncaught Error: Unknown named parameter $tasks_meta_id in C:\XAMPP\htdocs\wordpress\wp-includes\class-wp-hook.php:292
Stack trace:
#0 C:\XAMPP\htdocs\wordpress\wp-includes\class-wp-hook.php(316): WP_Hook->apply_filters('', Array)
#1 C:\XAMPP\htdocs\wordpress\wp-includes\plugin.php(551): WP_Hook->do_action(Array)
#2 C:\XAMPP\htdocs\wordpress\wp-content\plugins\woocommerce\packages\action-scheduler\classes\actions\ActionScheduler_Action.php(22): do_action_ref_array('wpforms_admin_n...', Array)
#3 C:\XAMPP\htdocs\wordpress\wp-content\plugins\woocommerce\packages\action-scheduler\classes\abstracts\ActionScheduler_Abstract_QueueRunner.php(65): ActionScheduler_Action->execute()
#4 C:\XAMPP\htdocs\wordpress\wp-content\plugins\woocommerce\packages\action-scheduler\classes\ActionScheduler_QueueRunner.php(162): ActionScheduler_Abstract_QueueRunner->process_action(631, 'WP Cron')
#5 C:\XAMPP\htdocs\wordpress\wp-content\plugins\woocommerce\packages\action-scheduler\classes\ActionScheduler_QueueRunner.php(132): ActionScheduler_QueueRunner->do_batch(25, 'WP Cron')
#6 C:\XAMPP\htdocs\wordpress\wp-includes\class-wp-hook.php(292): ActionScheduler_QueueRunner->run('WP Cron')
#7 C:\XAMPP\htdocs\wordpress\wp-includes\class-wp-hook.php(316): WP_Hook->apply_filters('', Array)
#8 C:\XAMPP\htdocs\wordpress\wp-includes\plugin.php(551): WP_Hook->do_action(Array)
#9 C:\XAMPP\htdocs\wordpress\wp-cron.php(138): do_action_ref_array('action_schedule...', Array)
#10 {main}
  thrown in C:\XAMPP\htdocs\wordpress\wp-includes\class-wp-hook.php on line 292

2021-06-15T16:14:55+00:00 CRITICAL Uncaught Error: Unknown named parameter $tasks_meta_id in C:\XAMPP\htdocs\wordpress\wp-includes\class-wp-hook.php:292
Stack trace:
#0 C:\XAMPP\htdocs\wordpress\wp-includes\class-wp-hook.php(316): WP_Hook->apply_filters('', Array)
#1 C:\XAMPP\htdocs\wordpress\wp-includes\plugin.php(551): WP_Hook->do_action(Array)
#2 C:\XAMPP\htdocs\wordpress\wp-content\plugins\woocommerce\packages\action-scheduler\classes\actions\ActionScheduler_Action.php(22): do_action_ref_array('wpforms_admin_n...', Array)
#3 C:\XAMPP\htdocs\wordpress\wp-content\plugins\woocommerce\packages\action-scheduler\classes\abstracts\ActionScheduler_Abstract_QueueRunner.php(65): ActionScheduler_Action->execute()
#4 C:\XAMPP\htdocs\wordpress\wp-content\plugins\woocommerce\packages\action-scheduler\classes\ActionScheduler_QueueRunner.php(162): ActionScheduler_Abstract_QueueRunner->process_action(632, 'WP Cron')
#5 C:\XAMPP\htdocs\wordpress\wp-content\plugins\woocommerce\packages\action-scheduler\classes\ActionScheduler_QueueRunner.php(132): ActionScheduler_QueueRunner->do_batch(25, 'WP Cron')
#6 C:\XAMPP\htdocs\wordpress\wp-includes\class-wp-hook.php(292): ActionScheduler_QueueRunner->run('WP Cron')
#7 C:\XAMPP\htdocs\wordpress\wp-includes\class-wp-hook.php(316): WP_Hook->apply_filters('', Array)
#8 C:\XAMPP\htdocs\wordpress\wp-includes\plugin.php(551): WP_Hook->do_action(Array)
#9 C:\XAMPP\htdocs\wordpress\wp-cron.php(138): do_action_ref_array('action_schedule...', Array)
#10 {main}
  thrown in C:\XAMPP\htdocs\wordpress\wp-includes\class-wp-hook.php on line 292

2021-06-15T16:15:22+00:00 CRITICAL Uncaught Error: Unknown named parameter $tasks_meta_id in C:\XAMPP\htdocs\wordpress\wp-includes\class-wp-hook.php:292
Stack trace:
#0 C:\XAMPP\htdocs\wordpress\wp-includes\class-wp-hook.php(316): WP_Hook->apply_filters('', Array)
#1 C:\XAMPP\htdocs\wordpress\wp-includes\plugin.php(551): WP_Hook->do_action(Array)
#2 C:\XAMPP\htdocs\wordpress\wp-content\plugins\woocommerce\packages\action-scheduler\classes\actions\ActionScheduler_Action.php(22): do_action_ref_array('wpforms_admin_n...', Array)
#3 C:\XAMPP\htdocs\wordpress\wp-content\plugins\woocommerce\packages\action-scheduler\classes\abstracts\ActionScheduler_Abstract_QueueRunner.php(65): ActionScheduler_Action->execute()
#4 C:\XAMPP\htdocs\wordpress\wp-content\plugins\woocommerce\packages\action-scheduler\classes\ActionScheduler_QueueRunner.php(162): ActionScheduler_Abstract_QueueRunner->process_action(633, 'Async Request')
#5 C:\XAMPP\htdocs\wordpress\wp-content\plugins\woocommerce\packages\action-scheduler\classes\ActionScheduler_QueueRunner.php(132): ActionScheduler_QueueRunner->do_batch(25, 'Async Request')
#6 C:\XAMPP\htdocs\wordpress\wp-includes\class-wp-hook.php(292): ActionScheduler_QueueRunner->run('Async Request')
#7 C:\XAMPP\htdocs\wordpress\wp-includes\class-wp-hook.php(316): WP_Hook->apply_filters('', Array)
#8 C:\XAMPP\htdocs\wordpress\wp-includes\plugin.php(484): WP_Hook->do_action(Array)
#9 C:\XAMPP\htdocs\wordpress\wp-content\plugins\woocommerce\packages\action-scheduler\classes\ActionScheduler_AsyncRequest_QueueRunner.php(52): do_action('action_schedule...', 'Async Request')
#10 C:\XAMPP\htdocs\wordpress\wp-content\plugins\woocommerce\includes\libraries\wp-async-request.php(147): ActionScheduler_AsyncRequest_QueueRunner->handle()
#11 C:\XAMPP\htdocs\wordpress\wp-includes\class-wp-hook.php(292): WP_Async_Request->maybe_handle('')
#12 C:\XAMPP\htdocs\wordpress\wp-includes\class-wp-hook.php(316): WP_Hook->apply_filters('', Array)
#13 C:\XAMPP\htdocs\wordpress\wp-includes\plugin.php(484): WP_Hook->do_action(Array)
#14 C:\XAMPP\htdocs\wordpress\wp-admin\admin-ajax.php(187): do_action('wp_ajax_as_asyn...')
#15 {main}
  thrown in C:\XAMPP\htdocs\wordpress\wp-includes\class-wp-hook.php on line 292

2021-06-15T16:17:43+00:00 CRITICAL Uncaught Error: Unknown named parameter $tasks_meta_id in C:\XAMPP\htdocs\wordpress\wp-includes\class-wp-hook.php:292
Stack trace:
#0 C:\XAMPP\htdocs\wordpress\wp-includes\class-wp-hook.php(316): WP_Hook->apply_filters('', Array)
#1 C:\XAMPP\htdocs\wordpress\wp-includes\plugin.php(551): WP_Hook->do_action(Array)
#2 C:\XAMPP\htdocs\wordpress\wp-content\plugins\woocommerce\packages\action-scheduler\classes\actions\ActionScheduler_Action.php(22): do_action_ref_array('wpforms_admin_n...', Array)
#3 C:\XAMPP\htdocs\wordpress\wp-content\plugins\woocommerce\packages\action-scheduler\classes\abstracts\ActionScheduler_Abstract_QueueRunner.php(65): ActionScheduler_Action->execute()
#4 C:\XAMPP\htdocs\wordpress\wp-content\plugins\woocommerce\packages\action-scheduler\classes\ActionScheduler_QueueRunner.php(162): ActionScheduler_Abstract_QueueRunner->process_action(634, 'Async Request')
#5 C:\XAMPP\htdocs\wordpress\wp-content\plugins\woocommerce\packages\action-scheduler\classes\ActionScheduler_QueueRunner.php(132): ActionScheduler_QueueRunner->do_batch(25, 'Async Request')
#6 C:\XAMPP\htdocs\wordpress\wp-includes\class-wp-hook.php(292): ActionScheduler_QueueRunner->run('Async Request')
#7 C:\XAMPP\htdocs\wordpress\wp-includes\class-wp-hook.php(316): WP_Hook->apply_filters('', Array)
#8 C:\XAMPP\htdocs\wordpress\wp-includes\plugin.php(484): WP_Hook->do_action(Array)
#9 C:\XAMPP\htdocs\wordpress\wp-content\plugins\woocommerce\packages\action-scheduler\classes\ActionScheduler_AsyncRequest_QueueRunner.php(52): do_action('action_schedule...', 'Async Request')
#10 C:\XAMPP\htdocs\wordpress\wp-content\plugins\woocommerce\includes\libraries\wp-async-request.php(147): ActionScheduler_AsyncRequest_QueueRunner->handle()
#11 C:\XAMPP\htdocs\wordpress\wp-includes\class-wp-hook.php(292): WP_Async_Request->maybe_handle('')
#12 C:\XAMPP\htdocs\wordpress\wp-includes\class-wp-hook.php(316): WP_Hook->apply_filters('', Array)
#13 C:\XAMPP\htdocs\wordpress\wp-includes\plugin.php(484): WP_Hook->do_action(Array)
#14 C:\XAMPP\htdocs\wordpress\wp-admin\admin-ajax.php(187): do_action('wp_ajax_as_asyn...')
#15 {main}
  thrown in C:\XAMPP\htdocs\wordpress\wp-includes\class-wp-hook.php on line 292

2021-06-15T16:25:36+00:00 CRITICAL Uncaught Error: Unknown named parameter $tasks_meta_id in C:\XAMPP\htdocs\wordpress\wp-includes\class-wp-hook.php:292
Stack trace:
#0 C:\XAMPP\htdocs\wordpress\wp-includes\class-wp-hook.php(316): WP_Hook->apply_filters('', Array)
#1 C:\XAMPP\htdocs\wordpress\wp-includes\plugin.php(551): WP_Hook->do_action(Array)
#2 C:\XAMPP\htdocs\wordpress\wp-content\plugins\woocommerce\packages\action-scheduler\classes\actions\ActionScheduler_Action.php(22): do_action_ref_array('wpforms_admin_n...', Array)
#3 C:\XAMPP\htdocs\wordpress\wp-content\plugins\woocommerce\packages\action-scheduler\classes\abstracts\ActionScheduler_Abstract_QueueRunner.php(65): ActionScheduler_Action->execute()
#4 C:\XAMPP\htdocs\wordpress\wp-content\plugins\woocommerce\packages\action-scheduler\classes\ActionScheduler_QueueRunner.php(162): ActionScheduler_Abstract_QueueRunner->process_action(635, 'Async Request')
#5 C:\XAMPP\htdocs\wordpress\wp-content\plugins\woocommerce\packages\action-scheduler\classes\ActionScheduler_QueueRunner.php(132): ActionScheduler_QueueRunner->do_batch(25, 'Async Request')
#6 C:\XAMPP\htdocs\wordpress\wp-includes\class-wp-hook.php(292): ActionScheduler_QueueRunner->run('Async Request')
#7 C:\XAMPP\htdocs\wordpress\wp-includes\class-wp-hook.php(316): WP_Hook->apply_filters('', Array)
#8 C:\XAMPP\htdocs\wordpress\wp-includes\plugin.php(484): WP_Hook->do_action(Array)
#9 C:\XAMPP\htdocs\wordpress\wp-content\plugins\woocommerce\packages\action-scheduler\classes\ActionScheduler_AsyncRequest_QueueRunner.php(52): do_action('action_schedule...', 'Async Request')
#10 C:\XAMPP\htdocs\wordpress\wp-content\plugins\woocommerce\includes\libraries\wp-async-request.php(147): ActionScheduler_AsyncRequest_QueueRunner->handle()
#11 C:\XAMPP\htdocs\wordpress\wp-includes\class-wp-hook.php(292): WP_Async_Request->maybe_handle('')
#12 C:\XAMPP\htdocs\wordpress\wp-includes\class-wp-hook.php(316): WP_Hook->apply_filters('', Array)
#13 C:\XAMPP\htdocs\wordpress\wp-includes\plugin.php(484): WP_Hook->do_action(Array)
#14 C:\XAMPP\htdocs\wordpress\wp-admin\admin-ajax.php(187): do_action('wp_ajax_as_asyn...')
#15 {main}
  thrown in C:\XAMPP\htdocs\wordpress\wp-includes\class-wp-hook.php on line 292

2021-06-15T16:26:18+00:00 CRITICAL Uncaught Error: Unknown named parameter $tasks_meta_id in C:\XAMPP\htdocs\wordpress\wp-includes\class-wp-hook.php:292
Stack trace:
#0 C:\XAMPP\htdocs\wordpress\wp-includes\class-wp-hook.php(316): WP_Hook->apply_filters('', Array)
#1 C:\XAMPP\htdocs\wordpress\wp-includes\plugin.php(551): WP_Hook->do_action(Array)
#2 C:\XAMPP\htdocs\wordpress\wp-content\plugins\woocommerce\packages\action-scheduler\classes\actions\ActionScheduler_Action.php(22): do_action_ref_array('wpforms_admin_n...', Array)
#3 C:\XAMPP\htdocs\wordpress\wp-content\plugins\woocommerce\packages\action-scheduler\classes\abstracts\ActionScheduler_Abstract_QueueRunner.php(65): ActionScheduler_Action->execute()
#4 C:\XAMPP\htdocs\wordpress\wp-content\plugins\woocommerce\packages\action-scheduler\classes\ActionScheduler_QueueRunner.php(162): ActionScheduler_Abstract_QueueRunner->process_action(636, 'WP Cron')
#5 C:\XAMPP\htdocs\wordpress\wp-content\plugins\woocommerce\packages\action-scheduler\classes\ActionScheduler_QueueRunner.php(132): ActionScheduler_QueueRunner->do_batch(25, 'WP Cron')
#6 C:\XAMPP\htdocs\wordpress\wp-includes\class-wp-hook.php(292): ActionScheduler_QueueRunner->run('WP Cron')
#7 C:\XAMPP\htdocs\wordpress\wp-includes\class-wp-hook.php(316): WP_Hook->apply_filters('', Array)
#8 C:\XAMPP\htdocs\wordpress\wp-includes\plugin.php(551): WP_Hook->do_action(Array)
#9 C:\XAMPP\htdocs\wordpress\wp-cron.php(138): do_action_ref_array('action_schedule...', Array)
#10 {main}
  thrown in C:\XAMPP\htdocs\wordpress\wp-includes\class-wp-hook.php on line 292

